


materialPath: P:\Program Files (x86)\Steam\steamapps\common\GarrysMod\garrysmod\materials
Loading m:\projects\git\zero-escape_jb01\zero-escape_jb01_2020\jb_zeroescape01_2020.vmf
ConVarRef mat_reduceparticles doesn't point to an existing ConVar
Patching WVT material: maps/jb_zeroescape01_2020/ar_lunacy/blend_moon_dirt_wvt_patch
fixing up env_cubemap materials on brush sides...
0...1...2...3...4...5...6...7...8...9...10**** leaked ****
Entity light (7016.00 -6240.00 328.00) leaked!
Processing areas...done (0)
Building Faces...done (0)
FixTjuncs...
PruneNodes...
WriteBSP...
done (0)
Creating default LDR cubemaps for env_cubemap using skybox materials:
   skybox/sky_lunacy*.vmt
 ! Run buildcubemaps in the engine to get the correct cube maps.
Creating default HDR cubemaps for env_cubemap using skybox materials:
   skybox/sky_lunacy*.vmt
 ! Run buildcubemaps in the engine to get the correct cube maps.
Finding displacement neighbors...
Finding lightmap sample positions...
Displacement Alpha : 0...1...2...3...4...5...6...7...8...9...10
Building Physics collision data...
WARNING: Map using power 4 displacements, terrain physics cannot be compressed, map will need additional memory and CPU.
done (0) (735085 bytes)
Placing detail props : 0...1...2...3...4...5...6...7...8...9...10
Compacting texture/material tables...
Reduced 616 texinfos to 424
Reduced 13 texdatas to 13 (303 bytes to 303)
Writing m:\projects\git\zero-escape_jb01\zero-escape_jb01_2020\jb_zeroescape01_2020.bsp
2 seconds elapsed



16 threads
reading m:\projects\git\zero-escape_jb01\zero-escape_jb01_2020\jb_zeroescape01_2020.bsp
reading m:\projects\git\zero-escape_jb01\zero-escape_jb01_2020\jb_zeroescape01_2020.prt
LoadPortals: couldn't read m:\projects\git\zero-escape_jb01\zero-escape_jb01_2020\jb_zeroescape01_2020.prt



[Reading texlights from 'lights.rad']
[45 texlights parsed from 'lights.rad']

Loading m:\projects\git\zero-escape_jb01\zero-escape_jb01_2020\jb_zeroescape01_2020.bsp
PREP OK
No vis information, direct lighting only.
9580 faces
6791604 square feet [977991040.00 square inches]
12 Displacements
815214 Square Feet [117390880.00 Square Inches]
97 direct lights
0...1...2...3...4...5...6...7...8...9...10Build Patch/Sample Hash Table(s).....Done<0.0786 sec>
0...1...2...3...4...5...6...7...8...9...10FinalLightFace Done
0 of 0 (0% of) surface lights went in leaf ambient cubes.
0...1...2...3...4...5...6...7...8...9...10Writing leaf ambient...done
Ready to Finish

Object names       Objects/Maxobjs  Memory / Maxmem  Fullness 
------------       ---------------  ---------------  -------- 
models                  69/4096         3312/196608   ( 1.7%) 
brushes                842/16384       10104/196608   ( 5.1%) 
brushsides            5713/65536       45704/524288   ( 8.7%) 
planes                1730/65536       34600/1310720  ( 2.6%) 
vertexes             11219/65536      134628/786432   (17.1%) 
nodes                 4899/65536      156768/2097152  ( 7.5%) 
texinfos               424/12288       30528/884736   ( 3.5%) 
texdata                 13/2048          416/65536    ( 0.6%) 
dispinfos               12/0            2112/0        ( 0.0%) 
disp_verts            2220/0           44400/0        ( 0.0%) 
disp_tris             3840/0            7680/0        ( 0.0%) 
disp_lmsamples      171010/0          171010/0        ( 0.0%) 
faces                 9580/65536      536480/3670016  (14.6%) 
hdr faces                0/65536           0/3670016  ( 0.0%) 
origfaces             3132/65536      175392/3670016  ( 4.8%) 
leaves                4969/65536      159008/2097152  ( 7.6%) 
leaffaces            10333/65536       20666/131072   (15.8%) 
leafbrushes           2134/65536        4268/131072   ( 3.3%) 
areas                    4/1024           32/8192     ( 0.4%) 
surfedges            55715/512000     222860/2048000  (10.9%) 
edges                29195/256000     116780/1024000  (11.4%) 
LDR worldlights         97/8192         8536/720896   ( 1.2%) 
HDR worldlights          0/8192            0/720896   ( 0.0%) 
leafwaterdata            0/32768           0/393216   ( 0.0%) 
waterstrips            625/32768        6250/327680   ( 1.9%) 
waterverts               0/65536           0/786432   ( 0.0%) 
waterindices          8076/65536       16152/131072   (12.3%) 
cubemapsamples           1/1024           16/16384    ( 0.1%) 
overlays                 0/512             0/180224   ( 0.0%) 
LDR lightdata         [variable]    25217764/0        ( 0.0%) 
HDR lightdata         [variable]           0/0        ( 0.0%) 
visdata               [variable]           0/16777216 ( 0.0%) 
entdata               [variable]       56798/393216   (14.4%) 
LDR ambient table     4969/65536       19876/262144   ( 7.6%) 
HDR ambient table     4969/65536       19876/262144   ( 7.6%) 
LDR leaf ambient     30022/65536      840616/1835008  (45.8%) 
HDR leaf ambient      4969/65536      139132/1835008  ( 7.6%) 
occluders                0/0               0/0        ( 0.0%) 
occluder polygons        0/0               0/0        ( 0.0%) 
occluder vert ind        0/0               0/0        ( 0.0%) 
detail props          [variable]           1/12       ( 8.3%) 
static props          [variable]           1/1242     ( 0.1%) 
pakfile               [variable]      230889/0        ( 0.0%) 
physics               [variable]      735085/4194304  (17.5%) 
physics terrain       [variable]           0/1048576  ( 0.0%) 

Level flags = 0

Total triangle count: 23499
Writing m:\projects\git\zero-escape_jb01\zero-escape_jb01_2020\jb_zeroescape01_2020.bsp
23 seconds elapsed



[Reading texlights from 'lights.rad']
[45 texlights parsed from 'lights.rad']

Loading m:\projects\git\zero-escape_jb01\zero-escape_jb01_2020\jb_zeroescape01_2020.bsp
PREP OK
No vis information, direct lighting only.
9580 faces
6791604 square feet [977991040.00 square inches]
12 Displacements
815214 Square Feet [117390880.00 Square Inches]
97 direct lights
0...1...2...3...4...5...6...7...8...9...10Build Patch/Sample Hash Table(s).....Done<0.0808 sec>
0...1...2...3...4...5...6...7...8...9...10FinalLightFace Done
0 of 0 (0% of) surface lights went in leaf ambient cubes.
0...1...2...3...4...5...6...7...8...9...10Writing leaf ambient...done
Ready to Finish

Object names       Objects/Maxobjs  Memory / Maxmem  Fullness 
------------       ---------------  ---------------  -------- 
models                  69/4096         3312/196608   ( 1.7%) 
brushes                842/16384       10104/196608   ( 5.1%) 
brushsides            5713/65536       45704/524288   ( 8.7%) 
planes                1730/65536       34600/1310720  ( 2.6%) 
vertexes             11219/65536      134628/786432   (17.1%) 
nodes                 4899/65536      156768/2097152  ( 7.5%) 
texinfos               424/12288       30528/884736   ( 3.5%) 
texdata                 13/2048          416/65536    ( 0.6%) 
dispinfos               12/0            2112/0        ( 0.0%) 
disp_verts            2220/0           44400/0        ( 0.0%) 
disp_tris             3840/0            7680/0        ( 0.0%) 
disp_lmsamples      171010/0          171010/0        ( 0.0%) 
faces                 9580/65536      536480/3670016  (14.6%) 
hdr faces             9580/65536      536480/3670016  (14.6%) 
origfaces             3132/65536      175392/3670016  ( 4.8%) 
leaves                4969/65536      159008/2097152  ( 7.6%) 
leaffaces            10333/65536       20666/131072   (15.8%) 
leafbrushes           2134/65536        4268/131072   ( 3.3%) 
areas                    4/1024           32/8192     ( 0.4%) 
surfedges            55715/512000     222860/2048000  (10.9%) 
edges                29195/256000     116780/1024000  (11.4%) 
LDR worldlights         97/8192         8536/720896   ( 1.2%) 
HDR worldlights         97/8192         8536/720896   ( 1.2%) 
leafwaterdata            0/32768           0/393216   ( 0.0%) 
waterstrips            625/32768        6250/327680   ( 1.9%) 
waterverts               0/65536           0/786432   ( 0.0%) 
waterindices          8076/65536       16152/131072   (12.3%) 
cubemapsamples           1/1024           16/16384    ( 0.1%) 
overlays                 0/512             0/180224   ( 0.0%) 
LDR lightdata         [variable]    25217764/0        ( 0.0%) 
HDR lightdata         [variable]    25217764/0        ( 0.0%) 
visdata               [variable]           0/16777216 ( 0.0%) 
entdata               [variable]       56798/393216   (14.4%) 
LDR ambient table     4969/65536       19876/262144   ( 7.6%) 
HDR ambient table     4969/65536       19876/262144   ( 7.6%) 
LDR leaf ambient     30022/65536      840616/1835008  (45.8%) 
HDR leaf ambient     30022/65536      840616/1835008  (45.8%) 
occluders                0/0               0/0        ( 0.0%) 
occluder polygons        0/0               0/0        ( 0.0%) 
occluder vert ind        0/0               0/0        ( 0.0%) 
detail props          [variable]           1/12       ( 8.3%) 
static props          [variable]           1/1242     ( 0.1%) 
pakfile               [variable]      230889/0        ( 0.0%) 
physics               [variable]      735085/4194304  (17.5%) 
physics terrain       [variable]           0/1048576  ( 0.0%) 

Level flags = 0

Total triangle count: 23499
Writing m:\projects\git\zero-escape_jb01\zero-escape_jb01_2020\jb_zeroescape01_2020.bsp
23 seconds elapsed



materialPath: P:\Program Files (x86)\Steam\steamapps\common\GarrysMod\garrysmod\materials
Loading m:\projects\git\zero-escape_jb01\zero-escape_jb01_2020\jb_zeroescape01_2020.vmf
ConVarRef mat_reduceparticles doesn't point to an existing ConVar
fixing up env_cubemap materials on brush sides...
0...1...2...3...4...5...6...7...8...9...10**** leaked ****
Entity func_door (4888.00 -7946.00 8.00) leaked!
Processing areas...done (0)
Building Faces...done (0)
FixTjuncs...
PruneNodes...
WriteBSP...
done (0)
Creating default LDR cubemaps for env_cubemap using skybox materials:
   skybox/sky_lunacy*.vmt
 ! Run buildcubemaps in the engine to get the correct cube maps.
Creating default HDR cubemaps for env_cubemap using skybox materials:
   skybox/sky_lunacy*.vmt
 ! Run buildcubemaps in the engine to get the correct cube maps.
Finding displacement neighbors...
Finding lightmap sample positions...
Displacement Alpha : 0...1...2...3...4...5...6...7...8...9...10
Building Physics collision data...
done (0) (298276 bytes)
Placing detail props : 0...1...2...3...4...5...6...7...8...9...10
Compacting texture/material tables...
Reduced 558 texinfos to 397
Reduced 11 texdatas to 11 (215 bytes to 215)
Writing m:\projects\git\zero-escape_jb01\zero-escape_jb01_2020\jb_zeroescape01_2020.bsp
0 seconds elapsed



16 threads
reading m:\projects\git\zero-escape_jb01\zero-escape_jb01_2020\jb_zeroescape01_2020.bsp
reading m:\projects\git\zero-escape_jb01\zero-escape_jb01_2020\jb_zeroescape01_2020.prt
LoadPortals: couldn't read m:\projects\git\zero-escape_jb01\zero-escape_jb01_2020\jb_zeroescape01_2020.prt



[Reading texlights from 'lights.rad']
[45 texlights parsed from 'lights.rad']

Loading m:\projects\git\zero-escape_jb01\zero-escape_jb01_2020\jb_zeroescape01_2020.bsp
PREP OK
No vis information, direct lighting only.
6965 faces
4595323 square feet [661726592.00 square inches]
0 Displacements
0 Square Feet [0.00 Square Inches]
97 direct lights
0...1...2...3...4...5...6...7...8...9...10Build Patch/Sample Hash Table(s).....Done<0.0270 sec>
0...1...2...3...4...5...6...7...8...9...10FinalLightFace Done
0 of 0 (0% of) surface lights went in leaf ambient cubes.
0...1...2...3...4...5...6...7...8...9...10Writing leaf ambient...done
Ready to Finish

Object names       Objects/Maxobjs  Memory / Maxmem  Fullness 
------------       ---------------  ---------------  -------- 
models                  69/4096         3312/196608   ( 1.7%) 
brushes                834/16384       10008/196608   ( 5.1%) 
brushsides            5665/65536       45320/524288   ( 8.6%) 
planes                1662/65536       33240/1310720  ( 2.5%) 
vertexes              8256/65536       99072/786432   (12.6%) 
nodes                 4232/65536      135424/2097152  ( 6.5%) 
texinfos               397/12288       28584/884736   ( 3.2%) 
texdata                 11/2048          352/65536    ( 0.5%) 
dispinfos                0/0               0/0        ( 0.0%) 
disp_verts               0/0               0/0        ( 0.0%) 
disp_tris                0/0               0/0        ( 0.0%) 
disp_lmsamples           0/0               0/0        ( 0.0%) 
faces                 6965/65536      390040/3670016  (10.6%) 
hdr faces                0/65536           0/3670016  ( 0.0%) 
origfaces             3082/65536      172592/3670016  ( 4.7%) 
leaves                4302/65536      137664/2097152  ( 6.6%) 
leaffaces             7520/65536       15040/131072   (11.5%) 
leafbrushes           1730/65536        3460/131072   ( 2.6%) 
areas                    4/1024           32/8192     ( 0.4%) 
surfedges            44416/512000     177664/2048000  ( 8.7%) 
edges                23536/256000      94144/1024000  ( 9.2%) 
LDR worldlights         97/8192         8536/720896   ( 1.2%) 
HDR worldlights          0/8192            0/720896   ( 0.0%) 
leafwaterdata            0/32768           0/393216   ( 0.0%) 
waterstrips            469/32768        4690/327680   ( 1.4%) 
waterverts               0/65536           0/786432   ( 0.0%) 
waterindices          6186/65536       12372/131072   ( 9.4%) 
cubemapsamples           1/1024           16/16384    ( 0.1%) 
overlays                 0/512             0/180224   ( 0.0%) 
LDR lightdata         [variable]     4292288/0        ( 0.0%) 
HDR lightdata         [variable]           0/0        ( 0.0%) 
visdata               [variable]           0/16777216 ( 0.0%) 
entdata               [variable]       56797/393216   (14.4%) 
LDR ambient table     4302/65536       17208/262144   ( 6.6%) 
HDR ambient table     4302/65536       17208/262144   ( 6.6%) 
LDR leaf ambient     25909/65536      725452/1835008  (39.5%) 
HDR leaf ambient      4302/65536      120456/1835008  ( 6.6%) 
occluders                0/0               0/0        ( 0.0%) 
occluder polygons        0/0               0/0        ( 0.0%) 
occluder vert ind        0/0               0/0        ( 0.0%) 
detail props          [variable]           1/12       ( 8.3%) 
static props          [variable]           1/1244     ( 0.1%) 
pakfile               [variable]      230482/0        ( 0.0%) 
physics               [variable]      298276/4194304  ( 7.1%) 
physics terrain       [variable]           2/1048576  ( 0.0%) 

Level flags = 0

Total triangle count: 17630
Writing m:\projects\git\zero-escape_jb01\zero-escape_jb01_2020\jb_zeroescape01_2020.bsp
20 seconds elapsed



[Reading texlights from 'lights.rad']
[45 texlights parsed from 'lights.rad']

Loading m:\projects\git\zero-escape_jb01\zero-escape_jb01_2020\jb_zeroescape01_2020.bsp
PREP OK
No vis information, direct lighting only.
6965 faces
4595323 square feet [661726592.00 square inches]
0 Displacements
0 Square Feet [0.00 Square Inches]
97 direct lights
0...1...2...3...4...5...6...7...8...9...10Build Patch/Sample Hash Table(s).....Done<0.0265 sec>
0...1...2...3...4...5...6...7...8...9...10FinalLightFace Done
0 of 0 (0% of) surface lights went in leaf ambient cubes.
0...1...2...3...4...5...6...7...8...9...10Writing leaf ambient...done
Ready to Finish

Object names       Objects/Maxobjs  Memory / Maxmem  Fullness 
------------       ---------------  ---------------  -------- 
models                  69/4096         3312/196608   ( 1.7%) 
brushes                834/16384       10008/196608   ( 5.1%) 
brushsides            5665/65536       45320/524288   ( 8.6%) 
planes                1662/65536       33240/1310720  ( 2.5%) 
vertexes              8256/65536       99072/786432   (12.6%) 
nodes                 4232/65536      135424/2097152  ( 6.5%) 
texinfos               397/12288       28584/884736   ( 3.2%) 
texdata                 11/2048          352/65536    ( 0.5%) 
dispinfos                0/0               0/0        ( 0.0%) 
disp_verts               0/0               0/0        ( 0.0%) 
disp_tris                0/0               0/0        ( 0.0%) 
disp_lmsamples           0/0               0/0        ( 0.0%) 
faces                 6965/65536      390040/3670016  (10.6%) 
hdr faces             6965/65536      390040/3670016  (10.6%) 
origfaces             3082/65536      172592/3670016  ( 4.7%) 
leaves                4302/65536      137664/2097152  ( 6.6%) 
leaffaces             7520/65536       15040/131072   (11.5%) 
leafbrushes           1730/65536        3460/131072   ( 2.6%) 
areas                    4/1024           32/8192     ( 0.4%) 
surfedges            44416/512000     177664/2048000  ( 8.7%) 
edges                23536/256000      94144/1024000  ( 9.2%) 
LDR worldlights         97/8192         8536/720896   ( 1.2%) 
HDR worldlights         97/8192         8536/720896   ( 1.2%) 
leafwaterdata            0/32768           0/393216   ( 0.0%) 
waterstrips            469/32768        4690/327680   ( 1.4%) 
waterverts               0/65536           0/786432   ( 0.0%) 
waterindices          6186/65536       12372/131072   ( 9.4%) 
cubemapsamples           1/1024           16/16384    ( 0.1%) 
overlays                 0/512             0/180224   ( 0.0%) 
LDR lightdata         [variable]     4292288/0        ( 0.0%) 
HDR lightdata         [variable]     4292288/0        ( 0.0%) 
visdata               [variable]           0/16777216 ( 0.0%) 
entdata               [variable]       56797/393216   (14.4%) 
LDR ambient table     4302/65536       17208/262144   ( 6.6%) 
HDR ambient table     4302/65536       17208/262144   ( 6.6%) 
LDR leaf ambient     25909/65536      725452/1835008  (39.5%) 
HDR leaf ambient     25909/65536      725452/1835008  (39.5%) 
occluders                0/0               0/0        ( 0.0%) 
occluder polygons        0/0               0/0        ( 0.0%) 
occluder vert ind        0/0               0/0        ( 0.0%) 
detail props          [variable]           1/12       ( 8.3%) 
static props          [variable]           1/1244     ( 0.1%) 
pakfile               [variable]      230482/0        ( 0.0%) 
physics               [variable]      298276/4194304  ( 7.1%) 
physics terrain       [variable]           2/1048576  ( 0.0%) 

Level flags = 0

Total triangle count: 17630
Writing m:\projects\git\zero-escape_jb01\zero-escape_jb01_2020\jb_zeroescape01_2020.bsp
20 seconds elapsed
